[0.834s] DEBUG:colcon:Command line arguments: ['/usr/bin/colcon', 'build', '--packages-select', 'ucsd_robocar_sensor2_pkg']
[0.834s] DEBUG:colcon:Parsed command line arguments: Namespace(allow_overriding=[], ament_cmake_args=None, base_paths=['.'], build_base='build', catkin_cmake_args=None, catkin_skip_building_tests=False, cmake_args=None, cmake_clean_cache=False, cmake_clean_first=False, cmake_force_configure=False, cmake_target=None, cmake_target_skip_unavailable=False, continue_on_error=False, event_handlers=None, executor='parallel', ignore_user_meta=False, install_base='install', log_base=None, log_level=None, main=<bound method BuildVerb.main of <colcon_core.verb.build.BuildVerb object at 0x7f7b6128b0>>, merge_install=False, metas=['./colcon.meta'], mixin=None, mixin_files=None, mixin_verb=('build',), packages_above=None, packages_above_and_dependencies=None, packages_above_depth=None, packages_end=None, packages_ignore=None, packages_ignore_regex=None, packages_select=['ucsd_robocar_sensor2_pkg'], packages_select_build_failed=False, packages_select_by_dep=None, packages_select_regex=None, packages_select_test_failures=False, packages_skip=None, packages_skip_build_finished=False, packages_skip_by_dep=None, packages_skip_regex=None, packages_skip_test_passed=False, packages_skip_up_to=None, packages_start=None, packages_up_to=None, packages_up_to_regex=None, parallel_workers=4, paths=None, symlink_install=False, test_result_base=None, verb_extension=<colcon_core.verb.build.BuildVerb object at 0x7f7b6128b0>, verb_name='build', verb_parser=<colcon_mixin.mixin.mixin_argument.MixinArgumentDecorator object at 0x7f7b612e80>)
[0.857s] Level 1:colcon.colcon_core.package_discovery:discover_packages(colcon_meta) check parameters
[0.860s] INFO:colcon.colcon_metadata.package_discovery.colcon_meta:Using configuration from '/root/.colcon/metadata/default/Gazebo.meta'
[0.863s] INFO:colcon.colcon_metadata.package_discovery.colcon_meta:Using configuration from '/root/.colcon/metadata/default/fastrtps.meta'
[0.863s] Level 1:colcon.colcon_core.package_discovery:discover_packages(recursive) check parameters
[0.863s] Level 1:colcon.colcon_core.package_discovery:discover_packages(ignore) check parameters
[0.864s] Level 1:colcon.colcon_core.package_discovery:discover_packages(path) check parameters
[0.864s] Level 1:colcon.colcon_core.package_discovery:discover_packages(colcon_meta) discover
[0.864s] Level 1:colcon.colcon_core.package_discovery:discover_packages(recursive) discover
[0.864s] INFO:colcon.colcon_core.package_discovery:Crawling recursively for packages in '/home/projects/ros2_ws/src/ucsd_robocar_hub2'
[0.865s] Level 1:colcon.colcon_core.package_identification:_identify(.) by extensions ['ignore', 'ignore_ament_install']
[0.866s] Level 1:colcon.colcon_core.package_identification:_identify(.) by extension 'ignore'
[0.866s] Level 1:colcon.colcon_core.package_identification:_identify(.) by extension 'ignore_ament_install'
[0.866s] Level 1:colcon.colcon_core.package_identification:_identify(.) by extensions ['colcon_pkg']
[0.866s] Level 1:colcon.colcon_core.package_identification:_identify(.) by extension 'colcon_pkg'
[0.866s] Level 1:colcon.colcon_core.package_identification:_identify(.) by extensions ['colcon_meta']
[0.867s] Level 1:colcon.colcon_core.package_identification:_identify(.) by extension 'colcon_meta'
[0.867s] Level 1:colcon.colcon_core.package_identification:_identify(.) by extensions ['ros']
[0.867s] Level 1:colcon.colcon_core.package_identification:_identify(.) by extension 'ros'
[0.917s] Level 1:colcon.colcon_core.package_identification:_identify(.) by extensions ['cmake', 'python']
[0.917s] Level 1:colcon.colcon_core.package_identification:_identify(.) by extension 'cmake'
[0.918s] Level 1:colcon.colcon_core.package_identification:_identify(.) by extension 'python'
[0.918s] Level 1:colcon.colcon_core.package_identification:_identify(.) by extensions ['python_setup_py']
[0.918s] Level 1:colcon.colcon_core.package_identification:_identify(.) by extension 'python_setup_py'
[0.918s] Level 1:colcon.colcon_core.package_identification:_identify(build) by extensions ['ignore', 'ignore_ament_install']
[0.919s] Level 1:colcon.colcon_core.package_identification:_identify(build) by extension 'ignore'
[0.919s] Level 1:colcon.colcon_core.package_identification:_identify(build) ignored
[0.920s] Level 1:colcon.colcon_core.package_identification:_identify(docker_setup) by extensions ['ignore', 'ignore_ament_install']
[0.920s] Level 1:colcon.colcon_core.package_identification:_identify(docker_setup) by extension 'ignore'
[0.920s] Level 1:colcon.colcon_core.package_identification:_identify(docker_setup) by extension 'ignore_ament_install'
[0.921s] Level 1:colcon.colcon_core.package_identification:_identify(docker_setup) by extensions ['colcon_pkg']
[0.921s] Level 1:colcon.colcon_core.package_identification:_identify(docker_setup) by extension 'colcon_pkg'
[0.921s] Level 1:colcon.colcon_core.package_identification:_identify(docker_setup) by extensions ['colcon_meta']
[0.921s] Level 1:colcon.colcon_core.package_identification:_identify(docker_setup) by extension 'colcon_meta'
[0.921s] Level 1:colcon.colcon_core.package_identification:_identify(docker_setup) by extensions ['ros']
[0.922s] Level 1:colcon.colcon_core.package_identification:_identify(docker_setup) by extension 'ros'
[0.922s] Level 1:colcon.colcon_core.package_identification:_identify(docker_setup) by extensions ['cmake', 'python']
[0.922s] Level 1:colcon.colcon_core.package_identification:_identify(docker_setup) by extension 'cmake'
[0.922s] Level 1:colcon.colcon_core.package_identification:_identify(docker_setup) by extension 'python'
[0.923s] Level 1:colcon.colcon_core.package_identification:_identify(docker_setup) by extensions ['python_setup_py']
[0.923s] Level 1:colcon.colcon_core.package_identification:_identify(docker_setup) by extension 'python_setup_py'
[0.923s] Level 1:colcon.colcon_core.package_identification:_identify(docker_setup/bash_scripts) by extensions ['ignore', 'ignore_ament_install']
[0.924s] Level 1:colcon.colcon_core.package_identification:_identify(docker_setup/bash_scripts) by extension 'ignore'
[0.924s] Level 1:colcon.colcon_core.package_identification:_identify(docker_setup/bash_scripts) by extension 'ignore_ament_install'
[0.924s] Level 1:colcon.colcon_core.package_identification:_identify(docker_setup/bash_scripts) by extensions ['colcon_pkg']
[0.924s] Level 1:colcon.colcon_core.package_identification:_identify(docker_setup/bash_scripts) by extension 'colcon_pkg'
[0.924s] Level 1:colcon.colcon_core.package_identification:_identify(docker_setup/bash_scripts) by extensions ['colcon_meta']
[0.925s] Level 1:colcon.colcon_core.package_identification:_identify(docker_setup/bash_scripts) by extension 'colcon_meta'
[0.925s] Level 1:colcon.colcon_core.package_identification:_identify(docker_setup/bash_scripts) by extensions ['ros']
[0.925s] Level 1:colcon.colcon_core.package_identification:_identify(docker_setup/bash_scripts) by extension 'ros'
[0.925s] Level 1:colcon.colcon_core.package_identification:_identify(docker_setup/bash_scripts) by extensions ['cmake', 'python']
[0.925s] Level 1:colcon.colcon_core.package_identification:_identify(docker_setup/bash_scripts) by extension 'cmake'
[0.926s] Level 1:colcon.colcon_core.package_identification:_identify(docker_setup/bash_scripts) by extension 'python'
[0.926s] Level 1:colcon.colcon_core.package_identification:_identify(docker_setup/bash_scripts) by extensions ['python_setup_py']
[0.926s] Level 1:colcon.colcon_core.package_identification:_identify(docker_setup/bash_scripts) by extension 'python_setup_py'
[0.926s] Level 1:colcon.colcon_core.package_identification:_identify(docker_setup/docker_files) by extensions ['ignore', 'ignore_ament_install']
[0.927s] Level 1:colcon.colcon_core.package_identification:_identify(docker_setup/docker_files) by extension 'ignore'
[0.927s] Level 1:colcon.colcon_core.package_identification:_identify(docker_setup/docker_files) by extension 'ignore_ament_install'
[0.927s] Level 1:colcon.colcon_core.package_identification:_identify(docker_setup/docker_files) by extensions ['colcon_pkg']
[0.928s] Level 1:colcon.colcon_core.package_identification:_identify(docker_setup/docker_files) by extension 'colcon_pkg'
[0.928s] Level 1:colcon.colcon_core.package_identification:_identify(docker_setup/docker_files) by extensions ['colcon_meta']
[0.928s] Level 1:colcon.colcon_core.package_identification:_identify(docker_setup/docker_files) by extension 'colcon_meta'
[0.928s] Level 1:colcon.colcon_core.package_identification:_identify(docker_setup/docker_files) by extensions ['ros']
[0.928s] Level 1:colcon.colcon_core.package_identification:_identify(docker_setup/docker_files) by extension 'ros'
[0.929s] Level 1:colcon.colcon_core.package_identification:_identify(docker_setup/docker_files) by extensions ['cmake', 'python']
[0.929s] Level 1:colcon.colcon_core.package_identification:_identify(docker_setup/docker_files) by extension 'cmake'
[0.929s] Level 1:colcon.colcon_core.package_identification:_identify(docker_setup/docker_files) by extension 'python'
[0.929s] Level 1:colcon.colcon_core.package_identification:_identify(docker_setup/docker_files) by extensions ['python_setup_py']
[0.929s] Level 1:colcon.colcon_core.package_identification:_identify(docker_setup/docker_files) by extension 'python_setup_py'
[0.930s] Level 1:colcon.colcon_core.package_identification:_identify(docker_setup/sensor_file_mods) by extensions ['ignore', 'ignore_ament_install']
[0.930s] Level 1:colcon.colcon_core.package_identification:_identify(docker_setup/sensor_file_mods) by extension 'ignore'
[0.930s] Level 1:colcon.colcon_core.package_identification:_identify(docker_setup/sensor_file_mods) by extension 'ignore_ament_install'
[0.931s] Level 1:colcon.colcon_core.package_identification:_identify(docker_setup/sensor_file_mods) by extensions ['colcon_pkg']
[0.931s] Level 1:colcon.colcon_core.package_identification:_identify(docker_setup/sensor_file_mods) by extension 'colcon_pkg'
[0.931s] Level 1:colcon.colcon_core.package_identification:_identify(docker_setup/sensor_file_mods) by extensions ['colcon_meta']
[0.931s] Level 1:colcon.colcon_core.package_identification:_identify(docker_setup/sensor_file_mods) by extension 'colcon_meta'
[0.932s] Level 1:colcon.colcon_core.package_identification:_identify(docker_setup/sensor_file_mods) by extensions ['ros']
[0.932s] Level 1:colcon.colcon_core.package_identification:_identify(docker_setup/sensor_file_mods) by extension 'ros'
[0.932s] Level 1:colcon.colcon_core.package_identification:_identify(docker_setup/sensor_file_mods) by extensions ['cmake', 'python']
[0.932s] Level 1:colcon.colcon_core.package_identification:_identify(docker_setup/sensor_file_mods) by extension 'cmake'
[0.932s] Level 1:colcon.colcon_core.package_identification:_identify(docker_setup/sensor_file_mods) by extension 'python'
[0.933s] Level 1:colcon.colcon_core.package_identification:_identify(docker_setup/sensor_file_mods) by extensions ['python_setup_py']
[0.933s] Level 1:colcon.colcon_core.package_identification:_identify(docker_setup/sensor_file_mods) by extension 'python_setup_py'
[0.933s] Level 1:colcon.colcon_core.package_identification:_identify(install) by extensions ['ignore', 'ignore_ament_install']
[0.934s] Level 1:colcon.colcon_core.package_identification:_identify(install) by extension 'ignore'
[0.934s] Level 1:colcon.colcon_core.package_identification:_identify(install) ignored
[0.934s] Level 1:colcon.colcon_core.package_identification:_identify(log) by extensions ['ignore', 'ignore_ament_install']
[0.934s] Level 1:colcon.colcon_core.package_identification:_identify(log) by extension 'ignore'
[0.935s] Level 1:colcon.colcon_core.package_identification:_identify(log) ignored
[0.935s] Level 1:colcon.colcon_core.package_identification:_identify(oakd_ros2) by extensions ['ignore', 'ignore_ament_install']
[0.935s] Level 1:colcon.colcon_core.package_identification:_identify(oakd_ros2) by extension 'ignore'
[0.936s] Level 1:colcon.colcon_core.package_identification:_identify(oakd_ros2) by extension 'ignore_ament_install'
[0.936s] Level 1:colcon.colcon_core.package_identification:_identify(oakd_ros2) by extensions ['colcon_pkg']
[0.936s] Level 1:colcon.colcon_core.package_identification:_identify(oakd_ros2) by extension 'colcon_pkg'
[0.936s] Level 1:colcon.colcon_core.package_identification:_identify(oakd_ros2) by extensions ['colcon_meta']
[0.936s] Level 1:colcon.colcon_core.package_identification:_identify(oakd_ros2) by extension 'colcon_meta'
[0.937s] Level 1:colcon.colcon_core.package_identification:_identify(oakd_ros2) by extensions ['ros']
[0.937s] Level 1:colcon.colcon_core.package_identification:_identify(oakd_ros2) by extension 'ros'
[0.946s] DEBUG:colcon.colcon_core.package_identification:Package 'oakd_ros2' with type 'ros.ament_python' and name 'oakd_ros2'
[0.947s] Level 1:colcon.colcon_core.package_identification:_identify(ucsd_robocar_actuator2_pkg) by extensions ['ignore', 'ignore_ament_install']
[0.947s] Level 1:colcon.colcon_core.package_identification:_identify(ucsd_robocar_actuator2_pkg) by extension 'ignore'
[0.947s] Level 1:colcon.colcon_core.package_identification:_identify(ucsd_robocar_actuator2_pkg) by extension 'ignore_ament_install'
[0.948s] Level 1:colcon.colcon_core.package_identification:_identify(ucsd_robocar_actuator2_pkg) by extensions ['colcon_pkg']
[0.948s] Level 1:colcon.colcon_core.package_identification:_identify(ucsd_robocar_actuator2_pkg) by extension 'colcon_pkg'
[0.948s] Level 1:colcon.colcon_core.package_identification:_identify(ucsd_robocar_actuator2_pkg) by extensions ['colcon_meta']
[0.948s] Level 1:colcon.colcon_core.package_identification:_identify(ucsd_robocar_actuator2_pkg) by extension 'colcon_meta'
[0.948s] Level 1:colcon.colcon_core.package_identification:_identify(ucsd_robocar_actuator2_pkg) by extensions ['ros']
[0.949s] Level 1:colcon.colcon_core.package_identification:_identify(ucsd_robocar_actuator2_pkg) by extension 'ros'
[0.951s] DEBUG:colcon.colcon_core.package_identification:Package 'ucsd_robocar_actuator2_pkg' with type 'ros.ament_python' and name 'ucsd_robocar_actuator2_pkg'
[0.952s] Level 1:colcon.colcon_core.package_identification:_identify(ucsd_robocar_basics2_pkg) by extensions ['ignore', 'ignore_ament_install']
[0.952s] Level 1:colcon.colcon_core.package_identification:_identify(ucsd_robocar_basics2_pkg) by extension 'ignore'
[0.952s] Level 1:colcon.colcon_core.package_identification:_identify(ucsd_robocar_basics2_pkg) by extension 'ignore_ament_install'
[0.953s] Level 1:colcon.colcon_core.package_identification:_identify(ucsd_robocar_basics2_pkg) by extensions ['colcon_pkg']
[0.953s] Level 1:colcon.colcon_core.package_identification:_identify(ucsd_robocar_basics2_pkg) by extension 'colcon_pkg'
[0.953s] Level 1:colcon.colcon_core.package_identification:_identify(ucsd_robocar_basics2_pkg) by extensions ['colcon_meta']
[0.953s] Level 1:colcon.colcon_core.package_identification:_identify(ucsd_robocar_basics2_pkg) by extension 'colcon_meta'
[0.953s] Level 1:colcon.colcon_core.package_identification:_identify(ucsd_robocar_basics2_pkg) by extensions ['ros']
[0.954s] Level 1:colcon.colcon_core.package_identification:_identify(ucsd_robocar_basics2_pkg) by extension 'ros'
[0.956s] DEBUG:colcon.colcon_core.package_identification:Package 'ucsd_robocar_basics2_pkg' with type 'ros.ament_python' and name 'ucsd_robocar_basics2_pkg'
[0.957s] Level 1:colcon.colcon_core.package_identification:_identify(ucsd_robocar_control2_pkg) by extensions ['ignore', 'ignore_ament_install']
[0.957s] Level 1:colcon.colcon_core.package_identification:_identify(ucsd_robocar_control2_pkg) by extension 'ignore'
[0.957s] Level 1:colcon.colcon_core.package_identification:_identify(ucsd_robocar_control2_pkg) by extension 'ignore_ament_install'
[0.957s] Level 1:colcon.colcon_core.package_identification:_identify(ucsd_robocar_control2_pkg) by extensions ['colcon_pkg']
[0.958s] Level 1:colcon.colcon_core.package_identification:_identify(ucsd_robocar_control2_pkg) by extension 'colcon_pkg'
[0.958s] Level 1:colcon.colcon_core.package_identification:_identify(ucsd_robocar_control2_pkg) by extensions ['colcon_meta']
[0.958s] Level 1:colcon.colcon_core.package_identification:_identify(ucsd_robocar_control2_pkg) by extension 'colcon_meta'
[0.958s] Level 1:colcon.colcon_core.package_identification:_identify(ucsd_robocar_control2_pkg) by extensions ['ros']
[0.958s] Level 1:colcon.colcon_core.package_identification:_identify(ucsd_robocar_control2_pkg) by extension 'ros'
[0.961s] DEBUG:colcon.colcon_core.package_identification:Package 'ucsd_robocar_control2_pkg' with type 'ros.ament_python' and name 'ucsd_robocar_control2_pkg'
[0.962s] Level 1:colcon.colcon_core.package_identification:_identify(ucsd_robocar_lane_detection2_pkg) by extensions ['ignore', 'ignore_ament_install']
[0.962s] Level 1:colcon.colcon_core.package_identification:_identify(ucsd_robocar_lane_detection2_pkg) by extension 'ignore'
[0.963s] Level 1:colcon.colcon_core.package_identification:_identify(ucsd_robocar_lane_detection2_pkg) by extension 'ignore_ament_install'
[0.963s] Level 1:colcon.colcon_core.package_identification:_identify(ucsd_robocar_lane_detection2_pkg) by extensions ['colcon_pkg']
[0.963s] Level 1:colcon.colcon_core.package_identification:_identify(ucsd_robocar_lane_detection2_pkg) by extension 'colcon_pkg'
[0.963s] Level 1:colcon.colcon_core.package_identification:_identify(ucsd_robocar_lane_detection2_pkg) by extensions ['colcon_meta']
[0.963s] Level 1:colcon.colcon_core.package_identification:_identify(ucsd_robocar_lane_detection2_pkg) by extension 'colcon_meta'
[0.964s] Level 1:colcon.colcon_core.package_identification:_identify(ucsd_robocar_lane_detection2_pkg) by extensions ['ros']
[0.964s] Level 1:colcon.colcon_core.package_identification:_identify(ucsd_robocar_lane_detection2_pkg) by extension 'ros'
[0.966s] DEBUG:colcon.colcon_core.package_identification:Package 'ucsd_robocar_lane_detection2_pkg' with type 'ros.ament_python' and name 'ucsd_robocar_lane_detection2_pkg'
[0.967s] Level 1:colcon.colcon_core.package_identification:_identify(ucsd_robocar_nav2_pkg) by extensions ['ignore', 'ignore_ament_install']
[0.967s] Level 1:colcon.colcon_core.package_identification:_identify(ucsd_robocar_nav2_pkg) by extension 'ignore'
[0.968s] Level 1:colcon.colcon_core.package_identification:_identify(ucsd_robocar_nav2_pkg) by extension 'ignore_ament_install'
[0.968s] Level 1:colcon.colcon_core.package_identification:_identify(ucsd_robocar_nav2_pkg) by extensions ['colcon_pkg']
[0.968s] Level 1:colcon.colcon_core.package_identification:_identify(ucsd_robocar_nav2_pkg) by extension 'colcon_pkg'
[0.968s] Level 1:colcon.colcon_core.package_identification:_identify(ucsd_robocar_nav2_pkg) by extensions ['colcon_meta']
[0.968s] Level 1:colcon.colcon_core.package_identification:_identify(ucsd_robocar_nav2_pkg) by extension 'colcon_meta'
[0.969s] Level 1:colcon.colcon_core.package_identification:_identify(ucsd_robocar_nav2_pkg) by extensions ['ros']
[0.969s] Level 1:colcon.colcon_core.package_identification:_identify(ucsd_robocar_nav2_pkg) by extension 'ros'
[0.971s] DEBUG:colcon.colcon_core.package_identification:Package 'ucsd_robocar_nav2_pkg' with type 'ros.ament_python' and name 'ucsd_robocar_nav2_pkg'
[0.972s] Level 1:colcon.colcon_core.package_identification:_identify(ucsd_robocar_path2_pkg) by extensions ['ignore', 'ignore_ament_install']
[0.972s] Level 1:colcon.colcon_core.package_identification:_identify(ucsd_robocar_path2_pkg) by extension 'ignore'
[0.972s] Level 1:colcon.colcon_core.package_identification:_identify(ucsd_robocar_path2_pkg) by extension 'ignore_ament_install'
[0.973s] Level 1:colcon.colcon_core.package_identification:_identify(ucsd_robocar_path2_pkg) by extensions ['colcon_pkg']
[0.973s] Level 1:colcon.colcon_core.package_identification:_identify(ucsd_robocar_path2_pkg) by extension 'colcon_pkg'
[0.973s] Level 1:colcon.colcon_core.package_identification:_identify(ucsd_robocar_path2_pkg) by extensions ['colcon_meta']
[0.973s] Level 1:colcon.colcon_core.package_identification:_identify(ucsd_robocar_path2_pkg) by extension 'colcon_meta'
[0.973s] Level 1:colcon.colcon_core.package_identification:_identify(ucsd_robocar_path2_pkg) by extensions ['ros']
[0.974s] Level 1:colcon.colcon_core.package_identification:_identify(ucsd_robocar_path2_pkg) by extension 'ros'
[0.977s] DEBUG:colcon.colcon_core.package_identification:Package 'ucsd_robocar_path2_pkg' with type 'ros.ament_python' and name 'ucsd_robocar_path2_pkg'
[0.977s] Level 1:colcon.colcon_core.package_identification:_identify(ucsd_robocar_sensor2_pkg) by extensions ['ignore', 'ignore_ament_install']
[0.978s] Level 1:colcon.colcon_core.package_identification:_identify(ucsd_robocar_sensor2_pkg) by extension 'ignore'
[0.978s] Level 1:colcon.colcon_core.package_identification:_identify(ucsd_robocar_sensor2_pkg) by extension 'ignore_ament_install'
[0.978s] Level 1:colcon.colcon_core.package_identification:_identify(ucsd_robocar_sensor2_pkg) by extensions ['colcon_pkg']
[0.978s] Level 1:colcon.colcon_core.package_identification:_identify(ucsd_robocar_sensor2_pkg) by extension 'colcon_pkg'
[0.979s] Level 1:colcon.colcon_core.package_identification:_identify(ucsd_robocar_sensor2_pkg) by extensions ['colcon_meta']
[0.979s] Level 1:colcon.colcon_core.package_identification:_identify(ucsd_robocar_sensor2_pkg) by extension 'colcon_meta'
[0.979s] Level 1:colcon.colcon_core.package_identification:_identify(ucsd_robocar_sensor2_pkg) by extensions ['ros']
[0.979s] Level 1:colcon.colcon_core.package_identification:_identify(ucsd_robocar_sensor2_pkg) by extension 'ros'
[0.982s] DEBUG:colcon.colcon_core.package_identification:Package 'ucsd_robocar_sensor2_pkg' with type 'ros.ament_python' and name 'ucsd_robocar_sensor2_pkg'
[0.982s] Level 1:colcon.colcon_core.package_discovery:discover_packages(recursive) using defaults
[0.982s] Level 1:colcon.colcon_core.package_discovery:discover_packages(ignore) discover
[0.982s] Level 1:colcon.colcon_core.package_discovery:discover_packages(ignore) using defaults
[0.982s] Level 1:colcon.colcon_core.package_discovery:discover_packages(path) discover
[0.983s] Level 1:colcon.colcon_core.package_discovery:discover_packages(path) using defaults
[1.061s] INFO:colcon.colcon_core.package_selection:Skipping not selected package 'oakd_ros2' in 'oakd_ros2'
[1.061s] INFO:colcon.colcon_core.package_selection:Skipping not selected package 'ucsd_robocar_actuator2_pkg' in 'ucsd_robocar_actuator2_pkg'
[1.061s] INFO:colcon.colcon_core.package_selection:Skipping not selected package 'ucsd_robocar_basics2_pkg' in 'ucsd_robocar_basics2_pkg'
[1.061s] INFO:colcon.colcon_core.package_selection:Skipping not selected package 'ucsd_robocar_control2_pkg' in 'ucsd_robocar_control2_pkg'
[1.061s] INFO:colcon.colcon_core.package_selection:Skipping not selected package 'ucsd_robocar_lane_detection2_pkg' in 'ucsd_robocar_lane_detection2_pkg'
[1.061s] INFO:colcon.colcon_core.package_selection:Skipping not selected package 'ucsd_robocar_nav2_pkg' in 'ucsd_robocar_nav2_pkg'
[1.061s] INFO:colcon.colcon_core.package_selection:Skipping not selected package 'ucsd_robocar_path2_pkg' in 'ucsd_robocar_path2_pkg'
[1.065s] Level 5:colcon.colcon_core.verb:set package 'ucsd_robocar_sensor2_pkg' build argument 'cmake_args' from command line to 'None'
[1.065s] Level 5:colcon.colcon_core.verb:set package 'ucsd_robocar_sensor2_pkg' build argument 'cmake_target' from command line to 'None'
[1.065s] Level 5:colcon.colcon_core.verb:set package 'ucsd_robocar_sensor2_pkg' build argument 'cmake_target_skip_unavailable' from command line to 'False'
[1.066s] Level 5:colcon.colcon_core.verb:set package 'ucsd_robocar_sensor2_pkg' build argument 'cmake_clean_cache' from command line to 'False'
[1.066s] Level 5:colcon.colcon_core.verb:set package 'ucsd_robocar_sensor2_pkg' build argument 'cmake_clean_first' from command line to 'False'
[1.066s] Level 5:colcon.colcon_core.verb:set package 'ucsd_robocar_sensor2_pkg' build argument 'cmake_force_configure' from command line to 'False'
[1.066s] Level 5:colcon.colcon_core.verb:set package 'ucsd_robocar_sensor2_pkg' build argument 'ament_cmake_args' from command line to 'None'
[1.066s] Level 5:colcon.colcon_core.verb:set package 'ucsd_robocar_sensor2_pkg' build argument 'catkin_cmake_args' from command line to 'None'
[1.066s] Level 5:colcon.colcon_core.verb:set package 'ucsd_robocar_sensor2_pkg' build argument 'catkin_skip_building_tests' from command line to 'False'
[1.067s] DEBUG:colcon.colcon_core.verb:Building package 'ucsd_robocar_sensor2_pkg' with the following arguments: {'ament_cmake_args': None, 'build_base': '/home/projects/ros2_ws/src/ucsd_robocar_hub2/build/ucsd_robocar_sensor2_pkg', 'catkin_cmake_args': None, 'catkin_skip_building_tests': False, 'cmake_args': None, 'cmake_clean_cache': False, 'cmake_clean_first': False, 'cmake_force_configure': False, 'cmake_target': None, 'cmake_target_skip_unavailable': False, 'install_base': '/home/projects/ros2_ws/src/ucsd_robocar_hub2/install/ucsd_robocar_sensor2_pkg', 'merge_install': False, 'path': '/home/projects/ros2_ws/src/ucsd_robocar_hub2/ucsd_robocar_sensor2_pkg', 'symlink_install': False, 'test_result_base': None}
[1.071s] WARNING:colcon.colcon_core.prefix_path.colcon:The path '/home/projects/ros2_ws/install' in the environment variable COLCON_PREFIX_PATH doesn't exist
[1.072s] WARNING:colcon.colcon_ros.prefix_path.ament:The path '/home/projects/ros2_ws/install/ucsd_robocar_sensor2_pkg' in the environment variable AMENT_PREFIX_PATH doesn't exist
[1.072s] WARNING:colcon.colcon_ros.prefix_path.ament:The path '/home/projects/ros2_ws/install/ucsd_robocar_path2_pkg' in the environment variable AMENT_PREFIX_PATH doesn't exist
[1.073s] WARNING:colcon.colcon_ros.prefix_path.ament:The path '/home/projects/ros2_ws/install/ucsd_robocar_nav2_pkg' in the environment variable AMENT_PREFIX_PATH doesn't exist
[1.073s] WARNING:colcon.colcon_ros.prefix_path.ament:The path '/home/projects/ros2_ws/install/ucsd_robocar_lane_detection2_pkg' in the environment variable AMENT_PREFIX_PATH doesn't exist
[1.073s] WARNING:colcon.colcon_ros.prefix_path.ament:The path '/home/projects/ros2_ws/install/ucsd_robocar_control2_pkg' in the environment variable AMENT_PREFIX_PATH doesn't exist
[1.073s] WARNING:colcon.colcon_ros.prefix_path.ament:The path '/home/projects/ros2_ws/install/ucsd_robocar_basics2_pkg' in the environment variable AMENT_PREFIX_PATH doesn't exist
[1.074s] WARNING:colcon.colcon_ros.prefix_path.ament:The path '/home/projects/ros2_ws/install/ucsd_robocar_actuator2_pkg' in the environment variable AMENT_PREFIX_PATH doesn't exist
[1.074s] WARNING:colcon.colcon_ros.prefix_path.ament:The path '/home/projects/ros2_ws/install/oakd_ros2' in the environment variable AMENT_PREFIX_PATH doesn't exist
[1.104s] INFO:colcon.colcon_core.executor:Executing jobs using 'parallel' executor
[1.113s] DEBUG:colcon.colcon_parallel_executor.executor.parallel:run_until_complete
[1.114s] INFO:colcon.colcon_ros.task.ament_python.build:Building ROS package in '/home/projects/ros2_ws/src/ucsd_robocar_hub2/ucsd_robocar_sensor2_pkg' with build type 'ament_python'
[1.115s] Level 1:colcon.colcon_core.shell:create_environment_hook('ucsd_robocar_sensor2_pkg', 'ament_prefix_path')
[1.135s] INFO:colcon.colcon_core.plugin_system:Skipping extension 'colcon_core.shell.bat': Not used on non-Windows systems
[1.136s] INFO:colcon.colcon_core.shell:Creating environment hook '/home/projects/ros2_ws/src/ucsd_robocar_hub2/install/ucsd_robocar_sensor2_pkg/share/ucsd_robocar_sensor2_pkg/hook/ament_prefix_path.ps1'
[1.138s] INFO:colcon.colcon_core.shell:Creating environment descriptor '/home/projects/ros2_ws/src/ucsd_robocar_hub2/install/ucsd_robocar_sensor2_pkg/share/ucsd_robocar_sensor2_pkg/hook/ament_prefix_path.dsv'
[1.140s] INFO:colcon.colcon_core.shell:Creating environment hook '/home/projects/ros2_ws/src/ucsd_robocar_hub2/install/ucsd_robocar_sensor2_pkg/share/ucsd_robocar_sensor2_pkg/hook/ament_prefix_path.sh'
[1.188s] INFO:colcon.colcon_core.shell:Skip shell extension 'powershell' for command environment: Not usable outside of PowerShell
[1.189s] DEBUG:colcon.colcon_core.shell:Skip shell extension 'dsv' for command environment
[2.434s] INFO:colcon.colcon_core.task.python.build:Building Python package in '/home/projects/ros2_ws/src/ucsd_robocar_hub2/ucsd_robocar_sensor2_pkg'
[2.438s] INFO:colcon.colcon_core.shell:Skip shell extension 'powershell' for command environment: Not usable outside of PowerShell
[2.438s] DEBUG:colcon.colcon_core.shell:Skip shell extension 'dsv' for command environment
[4.517s] DEBUG:colcon.colcon_core.event_handler.log_command:Invoking command in '/home/projects/ros2_ws/src/ucsd_robocar_hub2/ucsd_robocar_sensor2_pkg': PYTHONPATH=/home/projects/ros2_ws/src/ucsd_robocar_hub2/install/ucsd_robocar_sensor2_pkg/lib/python3.8/site-packages:${PYTHONPATH} /usr/bin/python3 setup.py egg_info --egg-base ../build/ucsd_robocar_sensor2_pkg build --build-base /home/projects/ros2_ws/src/ucsd_robocar_hub2/build/ucsd_robocar_sensor2_pkg/build install --prefix /home/projects/ros2_ws/src/ucsd_robocar_hub2/install/ucsd_robocar_sensor2_pkg --record /home/projects/ros2_ws/src/ucsd_robocar_hub2/build/ucsd_robocar_sensor2_pkg/install.log --single-version-externally-managed
[6.105s] DEBUG:colcon.colcon_core.event_handler.log_command:Invoked command in '/home/projects/ros2_ws/src/ucsd_robocar_hub2/ucsd_robocar_sensor2_pkg' returned '0': PYTHONPATH=/home/projects/ros2_ws/src/ucsd_robocar_hub2/install/ucsd_robocar_sensor2_pkg/lib/python3.8/site-packages:${PYTHONPATH} /usr/bin/python3 setup.py egg_info --egg-base ../build/ucsd_robocar_sensor2_pkg build --build-base /home/projects/ros2_ws/src/ucsd_robocar_hub2/build/ucsd_robocar_sensor2_pkg/build install --prefix /home/projects/ros2_ws/src/ucsd_robocar_hub2/install/ucsd_robocar_sensor2_pkg --record /home/projects/ros2_ws/src/ucsd_robocar_hub2/build/ucsd_robocar_sensor2_pkg/install.log --single-version-externally-managed
[6.114s] Level 1:colcon.colcon_core.environment:checking '/home/projects/ros2_ws/src/ucsd_robocar_hub2/install/ucsd_robocar_sensor2_pkg' for CMake module files
[6.116s] Level 1:colcon.colcon_core.environment:checking '/home/projects/ros2_ws/src/ucsd_robocar_hub2/install/ucsd_robocar_sensor2_pkg' for CMake config files
[6.120s] Level 1:colcon.colcon_core.environment:checking '/home/projects/ros2_ws/src/ucsd_robocar_hub2/install/ucsd_robocar_sensor2_pkg/lib'
[6.121s] Level 1:colcon.colcon_core.environment:checking '/home/projects/ros2_ws/src/ucsd_robocar_hub2/install/ucsd_robocar_sensor2_pkg/bin'
[6.121s] Level 1:colcon.colcon_core.environment:checking '/home/projects/ros2_ws/src/ucsd_robocar_hub2/install/ucsd_robocar_sensor2_pkg/lib/pkgconfig/ucsd_robocar_sensor2_pkg.pc'
[6.121s] Level 1:colcon.colcon_core.environment:checking '/home/projects/ros2_ws/src/ucsd_robocar_hub2/install/ucsd_robocar_sensor2_pkg/lib/python3.8/site-packages'
[6.122s] Level 1:colcon.colcon_core.shell:create_environment_hook('ucsd_robocar_sensor2_pkg', 'pythonpath')
[6.124s] INFO:colcon.colcon_core.shell:Creating environment hook '/home/projects/ros2_ws/src/ucsd_robocar_hub2/install/ucsd_robocar_sensor2_pkg/share/ucsd_robocar_sensor2_pkg/hook/pythonpath.ps1'
[6.126s] INFO:colcon.colcon_core.shell:Creating environment descriptor '/home/projects/ros2_ws/src/ucsd_robocar_hub2/install/ucsd_robocar_sensor2_pkg/share/ucsd_robocar_sensor2_pkg/hook/pythonpath.dsv'
[6.127s] INFO:colcon.colcon_core.shell:Creating environment hook '/home/projects/ros2_ws/src/ucsd_robocar_hub2/install/ucsd_robocar_sensor2_pkg/share/ucsd_robocar_sensor2_pkg/hook/pythonpath.sh'
[6.128s] Level 1:colcon.colcon_core.environment:create_environment_scripts_only(ucsd_robocar_sensor2_pkg)
[6.131s] INFO:colcon.colcon_core.shell:Creating package script '/home/projects/ros2_ws/src/ucsd_robocar_hub2/install/ucsd_robocar_sensor2_pkg/share/ucsd_robocar_sensor2_pkg/package.ps1'
[6.135s] INFO:colcon.colcon_core.shell:Creating package descriptor '/home/projects/ros2_ws/src/ucsd_robocar_hub2/install/ucsd_robocar_sensor2_pkg/share/ucsd_robocar_sensor2_pkg/package.dsv'
[6.137s] INFO:colcon.colcon_core.shell:Creating package script '/home/projects/ros2_ws/src/ucsd_robocar_hub2/install/ucsd_robocar_sensor2_pkg/share/ucsd_robocar_sensor2_pkg/package.sh'
[6.140s] INFO:colcon.colcon_core.shell:Creating package script '/home/projects/ros2_ws/src/ucsd_robocar_hub2/install/ucsd_robocar_sensor2_pkg/share/ucsd_robocar_sensor2_pkg/package.bash'
[6.143s] INFO:colcon.colcon_core.shell:Creating package script '/home/projects/ros2_ws/src/ucsd_robocar_hub2/install/ucsd_robocar_sensor2_pkg/share/ucsd_robocar_sensor2_pkg/package.zsh'
[6.146s] Level 1:colcon.colcon_core.environment:create_file_with_runtime_dependencies(/home/projects/ros2_ws/src/ucsd_robocar_hub2/install/ucsd_robocar_sensor2_pkg/share/colcon-core/packages/ucsd_robocar_sensor2_pkg)
[6.148s] DEBUG:colcon.colcon_parallel_executor.executor.parallel:closing loop
[6.149s] DEBUG:colcon.colcon_parallel_executor.executor.parallel:loop closed
[6.149s] DEBUG:colcon.colcon_parallel_executor.executor.parallel:run_until_complete finished with '0'
[6.150s] DEBUG:colcon.colcon_core.event_reactor:joining thread
[6.176s] INFO:colcon.colcon_core.plugin_system:Skipping extension 'colcon_notification.desktop_notification.notify_send': Could not find 'notify-send'
[6.177s] INFO:colcon.colcon_core.plugin_system:Skipping extension 'colcon_notification.desktop_notification.terminal_notifier': Not used on non-Darwin systems
[6.177s] INFO:colcon.colcon_core.plugin_system:Skipping extension 'colcon_notification.desktop_notification.win32': Not used on non-Windows systems
[6.177s] INFO:colcon.colcon_notification.desktop_notification:Sending desktop notification using 'notify2'
[6.189s] DEBUG:colcon.colcon_notification.desktop_notification.notify2:Failed to initialize notify2: org.freedesktop.DBus.Error.Spawn.ExecFailed: /usr/bin/dbus-launch terminated abnormally with the following error: Autolaunch error: X11 initialization failed.

[6.189s] DEBUG:colcon.colcon_core.event_reactor:joined thread
[6.193s] INFO:colcon.colcon_core.shell:Creating prefix script '/home/projects/ros2_ws/src/ucsd_robocar_hub2/install/local_setup.ps1'
[6.197s] INFO:colcon.colcon_core.shell:Creating prefix util module '/home/projects/ros2_ws/src/ucsd_robocar_hub2/install/_local_setup_util_ps1.py'
[6.203s] INFO:colcon.colcon_core.shell:Creating prefix chain script '/home/projects/ros2_ws/src/ucsd_robocar_hub2/install/setup.ps1'
[6.211s] INFO:colcon.colcon_core.shell:Creating prefix script '/home/projects/ros2_ws/src/ucsd_robocar_hub2/install/local_setup.sh'
[6.214s] INFO:colcon.colcon_core.shell:Creating prefix util module '/home/projects/ros2_ws/src/ucsd_robocar_hub2/install/_local_setup_util_sh.py'
[6.216s] INFO:colcon.colcon_core.shell:Creating prefix chain script '/home/projects/ros2_ws/src/ucsd_robocar_hub2/install/setup.sh'
[6.225s] INFO:colcon.colcon_core.shell:Creating prefix script '/home/projects/ros2_ws/src/ucsd_robocar_hub2/install/local_setup.bash'
[6.226s] INFO:colcon.colcon_core.shell:Creating prefix chain script '/home/projects/ros2_ws/src/ucsd_robocar_hub2/install/setup.bash'
[6.235s] INFO:colcon.colcon_core.shell:Creating prefix script '/home/projects/ros2_ws/src/ucsd_robocar_hub2/install/local_setup.zsh'
[6.237s] INFO:colcon.colcon_core.shell:Creating prefix chain script '/home/projects/ros2_ws/src/ucsd_robocar_hub2/install/setup.zsh'
